2016-05-17 00:59:43 Notice: Notice (8): Undefined variable: materiais in [/var/www/html/deasoft/src/Controller/EstoquesController.php, line 117]
Request URL: /estoques/add
Referer URL: http://deasoft.localhost.com/estoques
Client IP: 127.0.0.1
Trace:
Cake\Error\BaseErrorHandler::handleError() - CORE/src/Error/BaseErrorHandler.php, line 146
App\Controller\EstoquesController::renderMateriais() - APP/Controller/EstoquesController.php, line 117
App\Controller\EstoquesController::add() - APP/Controller/EstoquesController.php, line 49
Cake\Controller\Controller::invokeAction() - CORE/src/Controller/Controller.php, line 429
Cake\Routing\Dispatcher::_invoke() - CORE/src/Routing/Dispatcher.php, line 114
Cake\Routing\Dispatcher::dispatch() - CORE/src/Routing/Dispatcher.php, line 87
[main] - ROOT/webroot/index.php, line 37



2016-05-17 01:05:20 Notice: Notice (8): Trying to get property of non-object in [/var/www/html/deasoft/src/Controller/EstoquesController.php, line 116]
Request URL: /estoques/add
Referer URL: http://deasoft.localhost.com/estoques
Client IP: 127.0.0.1
Trace:
Cake\Error\BaseErrorHandler::handleError() - CORE/src/Error/BaseErrorHandler.php, line 146
App\Controller\EstoquesController::renderMateriais() - APP/Controller/EstoquesController.php, line 116
App\Controller\EstoquesController::add() - APP/Controller/EstoquesController.php, line 49
Cake\Controller\Controller::invokeAction() - CORE/src/Controller/Controller.php, line 429
Cake\Routing\Dispatcher::_invoke() - CORE/src/Routing/Dispatcher.php, line 114
Cake\Routing\Dispatcher::dispatch() - CORE/src/Routing/Dispatcher.php, line 87
[main] - ROOT/webroot/index.php, line 37



2016-05-17 01:05:21 Notice: Notice (8): Trying to get property of non-object in [/var/www/html/deasoft/src/Controller/EstoquesController.php, line 116]
Request URL: /estoques/add
Referer URL: http://deasoft.localhost.com/estoques
Client IP: 127.0.0.1
Trace:
Cake\Error\BaseErrorHandler::handleError() - CORE/src/Error/BaseErrorHandler.php, line 146
App\Controller\EstoquesController::renderMateriais() - APP/Controller/EstoquesController.php, line 116
App\Controller\EstoquesController::add() - APP/Controller/EstoquesController.php, line 49
Cake\Controller\Controller::invokeAction() - CORE/src/Controller/Controller.php, line 429
Cake\Routing\Dispatcher::_invoke() - CORE/src/Routing/Dispatcher.php, line 114
Cake\Routing\Dispatcher::dispatch() - CORE/src/Routing/Dispatcher.php, line 87
[main] - ROOT/webroot/index.php, line 37



2016-05-17 01:10:47 Notice: Notice (8): Undefined variable: where in [/var/www/html/deasoft/src/Controller/EstoquesController.php, line 117]
Request URL: /estoques/add
Referer URL: http://deasoft.localhost.com/estoques
Client IP: 127.0.0.1
Trace:
Cake\Error\BaseErrorHandler::handleError() - CORE/src/Error/BaseErrorHandler.php, line 146
App\Controller\EstoquesController::renderMateriais() - APP/Controller/EstoquesController.php, line 117
App\Controller\EstoquesController::add() - APP/Controller/EstoquesController.php, line 49
Cake\Controller\Controller::invokeAction() - CORE/src/Controller/Controller.php, line 429
Cake\Routing\Dispatcher::_invoke() - CORE/src/Routing/Dispatcher.php, line 114
Cake\Routing\Dispatcher::dispatch() - CORE/src/Routing/Dispatcher.php, line 87
[main] - ROOT/webroot/index.php, line 37



2016-05-17 01:26:20 Notice: Notice (8): Array to string conversion in [/var/www/html/deasoft/vendor/cakephp/cakephp/src/ORM/Table.php, line 1768]
Request URL: /estoques/add
Referer URL: http://deasoft.localhost.com/estoques
Client IP: 127.0.0.1
Trace:
Cake\Error\BaseErrorHandler::handleError() - CORE/src/Error/BaseErrorHandler.php, line 146
Cake\ORM\Table::callFinder() - CORE/src/ORM/Table.php, line 1768
Cake\ORM\Table::find() - CORE/src/ORM/Table.php, line 947
App\Controller\EstoquesController::renderMateriais() - APP/Controller/EstoquesController.php, line 126
App\Controller\EstoquesController::add() - APP/Controller/EstoquesController.php, line 62
Cake\Controller\Controller::invokeAction() - CORE/src/Controller/Controller.php, line 429
Cake\Routing\Dispatcher::_invoke() - CORE/src/Routing/Dispatcher.php, line 114
Cake\Routing\Dispatcher::dispatch() - CORE/src/Routing/Dispatcher.php, line 87
[main] - ROOT/webroot/index.php, line 37



2016-05-17 01:26:20 Notice: Notice (8): Array to string conversion in [/var/www/html/deasoft/vendor/cakephp/cakephp/src/ORM/Table.php, line 1778]
Request URL: /estoques/add
Referer URL: http://deasoft.localhost.com/estoques
Client IP: 127.0.0.1
Trace:
Cake\Error\BaseErrorHandler::handleError() - CORE/src/Error/BaseErrorHandler.php, line 146
sprintf - [internal], line ??
Cake\ORM\Table::callFinder() - CORE/src/ORM/Table.php, line 1778
Cake\ORM\Table::find() - CORE/src/ORM/Table.php, line 947
App\Controller\EstoquesController::renderMateriais() - APP/Controller/EstoquesController.php, line 126
App\Controller\EstoquesController::add() - APP/Controller/EstoquesController.php, line 62
Cake\Controller\Controller::invokeAction() - CORE/src/Controller/Controller.php, line 429
Cake\Routing\Dispatcher::_invoke() - CORE/src/Routing/Dispatcher.php, line 114
Cake\Routing\Dispatcher::dispatch() - CORE/src/Routing/Dispatcher.php, line 87
[main] - ROOT/webroot/index.php, line 37



2016-05-30 00:42:29 Notice: Notice (8): Array to string conversion in [/var/www/html/deasoft/vendor/cakephp/cakephp/src/ORM/Table.php, line 1768]
Request URL: /estoques
Referer URL: http://deasoft.localhost.com/estoques/add
Client IP: 127.0.0.1
Trace:
Cake\Error\BaseErrorHandler::handleError() - CORE/src/Error/BaseErrorHandler.php, line 146
Cake\ORM\Table::callFinder() - CORE/src/ORM/Table.php, line 1768
Cake\ORM\Table::find() - CORE/src/ORM/Table.php, line 947
App\Controller\EstoquesController::index() - APP/Controller/EstoquesController.php, line 23
Cake\Controller\Controller::invokeAction() - CORE/src/Controller/Controller.php, line 429
Cake\Routing\Dispatcher::_invoke() - CORE/src/Routing/Dispatcher.php, line 114
Cake\Routing\Dispatcher::dispatch() - CORE/src/Routing/Dispatcher.php, line 87
[main] - ROOT/webroot/index.php, line 37



2016-05-30 00:42:29 Notice: Notice (8): Array to string conversion in [/var/www/html/deasoft/vendor/cakephp/cakephp/src/ORM/Table.php, line 1778]
Request URL: /estoques
Referer URL: http://deasoft.localhost.com/estoques/add
Client IP: 127.0.0.1
Trace:
Cake\Error\BaseErrorHandler::handleError() - CORE/src/Error/BaseErrorHandler.php, line 146
sprintf - [internal], line ??
Cake\ORM\Table::callFinder() - CORE/src/ORM/Table.php, line 1778
Cake\ORM\Table::find() - CORE/src/ORM/Table.php, line 947
App\Controller\EstoquesController::index() - APP/Controller/EstoquesController.php, line 23
Cake\Controller\Controller::invokeAction() - CORE/src/Controller/Controller.php, line 429
Cake\Routing\Dispatcher::_invoke() - CORE/src/Routing/Dispatcher.php, line 114
Cake\Routing\Dispatcher::dispatch() - CORE/src/Routing/Dispatcher.php, line 87
[main] - ROOT/webroot/index.php, line 37



2016-05-30 00:42:30 Notice: Notice (8): Array to string conversion in [/var/www/html/deasoft/vendor/cakephp/cakephp/src/ORM/Table.php, line 1768]
Request URL: /estoques
Referer URL: http://deasoft.localhost.com/estoques/add
Client IP: 127.0.0.1
Trace:
Cake\Error\BaseErrorHandler::handleError() - CORE/src/Error/BaseErrorHandler.php, line 146
Cake\ORM\Table::callFinder() - CORE/src/ORM/Table.php, line 1768
Cake\ORM\Table::find() - CORE/src/ORM/Table.php, line 947
App\Controller\EstoquesController::index() - APP/Controller/EstoquesController.php, line 23
Cake\Controller\Controller::invokeAction() - CORE/src/Controller/Controller.php, line 429
Cake\Routing\Dispatcher::_invoke() - CORE/src/Routing/Dispatcher.php, line 114
Cake\Routing\Dispatcher::dispatch() - CORE/src/Routing/Dispatcher.php, line 87
[main] - ROOT/webroot/index.php, line 37



2016-05-30 00:42:30 Notice: Notice (8): Array to string conversion in [/var/www/html/deasoft/vendor/cakephp/cakephp/src/ORM/Table.php, line 1778]
Request URL: /estoques
Referer URL: http://deasoft.localhost.com/estoques/add
Client IP: 127.0.0.1
Trace:
Cake\Error\BaseErrorHandler::handleError() - CORE/src/Error/BaseErrorHandler.php, line 146
sprintf - [internal], line ??
Cake\ORM\Table::callFinder() - CORE/src/ORM/Table.php, line 1778
Cake\ORM\Table::find() - CORE/src/ORM/Table.php, line 947
App\Controller\EstoquesController::index() - APP/Controller/EstoquesController.php, line 23
Cake\Controller\Controller::invokeAction() - CORE/src/Controller/Controller.php, line 429
Cake\Routing\Dispatcher::_invoke() - CORE/src/Routing/Dispatcher.php, line 114
Cake\Routing\Dispatcher::dispatch() - CORE/src/Routing/Dispatcher.php, line 87
[main] - ROOT/webroot/index.php, line 37



2016-05-30 00:42:55 Notice: Notice (8): Array to string conversion in [/var/www/html/deasoft/vendor/cakephp/cakephp/src/ORM/Table.php, line 1768]
Request URL: /estoques
Referer URL: http://deasoft.localhost.com/estoques/add
Client IP: 127.0.0.1
Trace:
Cake\Error\BaseErrorHandler::handleError() - CORE/src/Error/BaseErrorHandler.php, line 146
Cake\ORM\Table::callFinder() - CORE/src/ORM/Table.php, line 1768
Cake\ORM\Table::find() - CORE/src/ORM/Table.php, line 947
App\Controller\EstoquesController::index() - APP/Controller/EstoquesController.php, line 23
Cake\Controller\Controller::invokeAction() - CORE/src/Controller/Controller.php, line 429
Cake\Routing\Dispatcher::_invoke() - CORE/src/Routing/Dispatcher.php, line 114
Cake\Routing\Dispatcher::dispatch() - CORE/src/Routing/Dispatcher.php, line 87
[main] - ROOT/webroot/index.php, line 37



2016-05-30 00:42:55 Notice: Notice (8): Array to string conversion in [/var/www/html/deasoft/vendor/cakephp/cakephp/src/ORM/Table.php, line 1778]
Request URL: /estoques
Referer URL: http://deasoft.localhost.com/estoques/add
Client IP: 127.0.0.1
Trace:
Cake\Error\BaseErrorHandler::handleError() - CORE/src/Error/BaseErrorHandler.php, line 146
sprintf - [internal], line ??
Cake\ORM\Table::callFinder() - CORE/src/ORM/Table.php, line 1778
Cake\ORM\Table::find() - CORE/src/ORM/Table.php, line 947
App\Controller\EstoquesController::index() - APP/Controller/EstoquesController.php, line 23
Cake\Controller\Controller::invokeAction() - CORE/src/Controller/Controller.php, line 429
Cake\Routing\Dispatcher::_invoke() - CORE/src/Routing/Dispatcher.php, line 114
Cake\Routing\Dispatcher::dispatch() - CORE/src/Routing/Dispatcher.php, line 87
[main] - ROOT/webroot/index.php, line 37



2016-05-30 00:42:56 Notice: Notice (8): Array to string conversion in [/var/www/html/deasoft/vendor/cakephp/cakephp/src/ORM/Table.php, line 1768]
Request URL: /estoques
Referer URL: http://deasoft.localhost.com/estoques/add
Client IP: 127.0.0.1
Trace:
Cake\Error\BaseErrorHandler::handleError() - CORE/src/Error/BaseErrorHandler.php, line 146
Cake\ORM\Table::callFinder() - CORE/src/ORM/Table.php, line 1768
Cake\ORM\Table::find() - CORE/src/ORM/Table.php, line 947
App\Controller\EstoquesController::index() - APP/Controller/EstoquesController.php, line 23
Cake\Controller\Controller::invokeAction() - CORE/src/Controller/Controller.php, line 429
Cake\Routing\Dispatcher::_invoke() - CORE/src/Routing/Dispatcher.php, line 114
Cake\Routing\Dispatcher::dispatch() - CORE/src/Routing/Dispatcher.php, line 87
[main] - ROOT/webroot/index.php, line 37



2016-05-30 00:42:56 Notice: Notice (8): Array to string conversion in [/var/www/html/deasoft/vendor/cakephp/cakephp/src/ORM/Table.php, line 1778]
Request URL: /estoques
Referer URL: http://deasoft.localhost.com/estoques/add
Client IP: 127.0.0.1
Trace:
Cake\Error\BaseErrorHandler::handleError() - CORE/src/Error/BaseErrorHandler.php, line 146
sprintf - [internal], line ??
Cake\ORM\Table::callFinder() - CORE/src/ORM/Table.php, line 1778
Cake\ORM\Table::find() - CORE/src/ORM/Table.php, line 947
App\Controller\EstoquesController::index() - APP/Controller/EstoquesController.php, line 23
Cake\Controller\Controller::invokeAction() - CORE/src/Controller/Controller.php, line 429
Cake\Routing\Dispatcher::_invoke() - CORE/src/Routing/Dispatcher.php, line 114
Cake\Routing\Dispatcher::dispatch() - CORE/src/Routing/Dispatcher.php, line 87
[main] - ROOT/webroot/index.php, line 37



2016-05-30 00:42:57 Notice: Notice (8): Array to string conversion in [/var/www/html/deasoft/vendor/cakephp/cakephp/src/ORM/Table.php, line 1768]
Request URL: /estoques
Referer URL: http://deasoft.localhost.com/estoques/add
Client IP: 127.0.0.1
Trace:
Cake\Error\BaseErrorHandler::handleError() - CORE/src/Error/BaseErrorHandler.php, line 146
Cake\ORM\Table::callFinder() - CORE/src/ORM/Table.php, line 1768
Cake\ORM\Table::find() - CORE/src/ORM/Table.php, line 947
App\Controller\EstoquesController::index() - APP/Controller/EstoquesController.php, line 23
Cake\Controller\Controller::invokeAction() - CORE/src/Controller/Controller.php, line 429
Cake\Routing\Dispatcher::_invoke() - CORE/src/Routing/Dispatcher.php, line 114
Cake\Routing\Dispatcher::dispatch() - CORE/src/Routing/Dispatcher.php, line 87
[main] - ROOT/webroot/index.php, line 37



2016-05-30 00:42:57 Notice: Notice (8): Array to string conversion in [/var/www/html/deasoft/vendor/cakephp/cakephp/src/ORM/Table.php, line 1778]
Request URL: /estoques
Referer URL: http://deasoft.localhost.com/estoques/add
Client IP: 127.0.0.1
Trace:
Cake\Error\BaseErrorHandler::handleError() - CORE/src/Error/BaseErrorHandler.php, line 146
sprintf - [internal], line ??
Cake\ORM\Table::callFinder() - CORE/src/ORM/Table.php, line 1778
Cake\ORM\Table::find() - CORE/src/ORM/Table.php, line 947
App\Controller\EstoquesController::index() - APP/Controller/EstoquesController.php, line 23
Cake\Controller\Controller::invokeAction() - CORE/src/Controller/Controller.php, line 429
Cake\Routing\Dispatcher::_invoke() - CORE/src/Routing/Dispatcher.php, line 114
Cake\Routing\Dispatcher::dispatch() - CORE/src/Routing/Dispatcher.php, line 87
[main] - ROOT/webroot/index.php, line 37



2016-05-30 00:42:57 Notice: Notice (8): Array to string conversion in [/var/www/html/deasoft/vendor/cakephp/cakephp/src/ORM/Table.php, line 1768]
Request URL: /estoques
Referer URL: http://deasoft.localhost.com/estoques/add
Client IP: 127.0.0.1
Trace:
Cake\Error\BaseErrorHandler::handleError() - CORE/src/Error/BaseErrorHandler.php, line 146
Cake\ORM\Table::callFinder() - CORE/src/ORM/Table.php, line 1768
Cake\ORM\Table::find() - CORE/src/ORM/Table.php, line 947
App\Controller\EstoquesController::index() - APP/Controller/EstoquesController.php, line 23
Cake\Controller\Controller::invokeAction() - CORE/src/Controller/Controller.php, line 429
Cake\Routing\Dispatcher::_invoke() - CORE/src/Routing/Dispatcher.php, line 114
Cake\Routing\Dispatcher::dispatch() - CORE/src/Routing/Dispatcher.php, line 87
[main] - ROOT/webroot/index.php, line 37



2016-05-30 00:42:57 Notice: Notice (8): Array to string conversion in [/var/www/html/deasoft/vendor/cakephp/cakephp/src/ORM/Table.php, line 1778]
Request URL: /estoques
Referer URL: http://deasoft.localhost.com/estoques/add
Client IP: 127.0.0.1
Trace:
Cake\Error\BaseErrorHandler::handleError() - CORE/src/Error/BaseErrorHandler.php, line 146
sprintf - [internal], line ??
Cake\ORM\Table::callFinder() - CORE/src/ORM/Table.php, line 1778
Cake\ORM\Table::find() - CORE/src/ORM/Table.php, line 947
App\Controller\EstoquesController::index() - APP/Controller/EstoquesController.php, line 23
Cake\Controller\Controller::invokeAction() - CORE/src/Controller/Controller.php, line 429
Cake\Routing\Dispatcher::_invoke() - CORE/src/Routing/Dispatcher.php, line 114
Cake\Routing\Dispatcher::dispatch() - CORE/src/Routing/Dispatcher.php, line 87
[main] - ROOT/webroot/index.php, line 37



2016-05-30 18:29:34 Notice: Notice (8): Undefined index: dt_movimentacao in [/var/www/html/deasoft/src/Controller/EstoquesController.php, line 118]
Request URL: /estoques/add
Referer URL: http://deasoft.localhost.com/estoques/add
Client IP: 127.0.0.1
Trace:
Cake\Error\BaseErrorHandler::handleError() - CORE/src/Error/BaseErrorHandler.php, line 146
App\Controller\EstoquesController::trataMovimentacao() - APP/Controller/EstoquesController.php, line 118
App\Controller\EstoquesController::add() - APP/Controller/EstoquesController.php, line 61
Cake\Controller\Controller::invokeAction() - CORE/src/Controller/Controller.php, line 429
Cake\Routing\Dispatcher::_invoke() - CORE/src/Routing/Dispatcher.php, line 114
Cake\Routing\Dispatcher::dispatch() - CORE/src/Routing/Dispatcher.php, line 87
[main] - ROOT/webroot/index.php, line 37



2016-05-30 18:29:51 Notice: Notice (8): Undefined index: dt_movimentacao in [/var/www/html/deasoft/src/Controller/EstoquesController.php, line 118]
Request URL: /estoques/add
Referer URL: http://deasoft.localhost.com/estoques/add
Client IP: 127.0.0.1
Trace:
Cake\Error\BaseErrorHandler::handleError() - CORE/src/Error/BaseErrorHandler.php, line 146
App\Controller\EstoquesController::trataMovimentacao() - APP/Controller/EstoquesController.php, line 118
App\Controller\EstoquesController::add() - APP/Controller/EstoquesController.php, line 61
Cake\Controller\Controller::invokeAction() - CORE/src/Controller/Controller.php, line 429
Cake\Routing\Dispatcher::_invoke() - CORE/src/Routing/Dispatcher.php, line 114
Cake\Routing\Dispatcher::dispatch() - CORE/src/Routing/Dispatcher.php, line 87
[main] - ROOT/webroot/index.php, line 37



2016-05-30 18:31:41 Notice: Notice (8): Undefined index: dt_pedido in [/var/www/html/deasoft/src/Controller/EstoquesController.php, line 118]
Request URL: /estoques/add
Referer URL: http://deasoft.localhost.com/estoques/add
Client IP: 127.0.0.1
Trace:
Cake\Error\BaseErrorHandler::handleError() - CORE/src/Error/BaseErrorHandler.php, line 146
App\Controller\EstoquesController::trataMovimentacao() - APP/Controller/EstoquesController.php, line 118
App\Controller\EstoquesController::add() - APP/Controller/EstoquesController.php, line 61
Cake\Controller\Controller::invokeAction() - CORE/src/Controller/Controller.php, line 429
Cake\Routing\Dispatcher::_invoke() - CORE/src/Routing/Dispatcher.php, line 114
Cake\Routing\Dispatcher::dispatch() - CORE/src/Routing/Dispatcher.php, line 87
[main] - ROOT/webroot/index.php, line 37



2016-05-30 18:31:44 Notice: Notice (8): Undefined index: dt_pedido in [/var/www/html/deasoft/src/Controller/EstoquesController.php, line 118]
Request URL: /estoques/add
Referer URL: http://deasoft.localhost.com/estoques/add
Client IP: 127.0.0.1
Trace:
Cake\Error\BaseErrorHandler::handleError() - CORE/src/Error/BaseErrorHandler.php, line 146
App\Controller\EstoquesController::trataMovimentacao() - APP/Controller/EstoquesController.php, line 118
App\Controller\EstoquesController::add() - APP/Controller/EstoquesController.php, line 61
Cake\Controller\Controller::invokeAction() - CORE/src/Controller/Controller.php, line 429
Cake\Routing\Dispatcher::_invoke() - CORE/src/Routing/Dispatcher.php, line 114
Cake\Routing\Dispatcher::dispatch() - CORE/src/Routing/Dispatcher.php, line 87
[main] - ROOT/webroot/index.php, line 37



2016-05-30 18:31:45 Notice: Notice (8): Undefined index: dt_pedido in [/var/www/html/deasoft/src/Controller/EstoquesController.php, line 118]
Request URL: /estoques/add
Referer URL: http://deasoft.localhost.com/estoques/add
Client IP: 127.0.0.1
Trace:
Cake\Error\BaseErrorHandler::handleError() - CORE/src/Error/BaseErrorHandler.php, line 146
App\Controller\EstoquesController::trataMovimentacao() - APP/Controller/EstoquesController.php, line 118
App\Controller\EstoquesController::add() - APP/Controller/EstoquesController.php, line 61
Cake\Controller\Controller::invokeAction() - CORE/src/Controller/Controller.php, line 429
Cake\Routing\Dispatcher::_invoke() - CORE/src/Routing/Dispatcher.php, line 114
Cake\Routing\Dispatcher::dispatch() - CORE/src/Routing/Dispatcher.php, line 87
[main] - ROOT/webroot/index.php, line 37



2016-05-30 18:31:46 Notice: Notice (8): Undefined index: dt_pedido in [/var/www/html/deasoft/src/Controller/EstoquesController.php, line 118]
Request URL: /estoques/add
Referer URL: http://deasoft.localhost.com/estoques/add
Client IP: 127.0.0.1
Trace:
Cake\Error\BaseErrorHandler::handleError() - CORE/src/Error/BaseErrorHandler.php, line 146
App\Controller\EstoquesController::trataMovimentacao() - APP/Controller/EstoquesController.php, line 118
App\Controller\EstoquesController::add() - APP/Controller/EstoquesController.php, line 61
Cake\Controller\Controller::invokeAction() - CORE/src/Controller/Controller.php, line 429
Cake\Routing\Dispatcher::_invoke() - CORE/src/Routing/Dispatcher.php, line 114
Cake\Routing\Dispatcher::dispatch() - CORE/src/Routing/Dispatcher.php, line 87
[main] - ROOT/webroot/index.php, line 37



2016-05-30 18:31:47 Notice: Notice (8): Undefined index: dt_pedido in [/var/www/html/deasoft/src/Controller/EstoquesController.php, line 118]
Request URL: /estoques/add
Referer URL: http://deasoft.localhost.com/estoques/add
Client IP: 127.0.0.1
Trace:
Cake\Error\BaseErrorHandler::handleError() - CORE/src/Error/BaseErrorHandler.php, line 146
App\Controller\EstoquesController::trataMovimentacao() - APP/Controller/EstoquesController.php, line 118
App\Controller\EstoquesController::add() - APP/Controller/EstoquesController.php, line 61
Cake\Controller\Controller::invokeAction() - CORE/src/Controller/Controller.php, line 429
Cake\Routing\Dispatcher::_invoke() - CORE/src/Routing/Dispatcher.php, line 114
Cake\Routing\Dispatcher::dispatch() - CORE/src/Routing/Dispatcher.php, line 87
[main] - ROOT/webroot/index.php, line 37



2016-05-30 18:31:47 Notice: Notice (8): Undefined index: dt_pedido in [/var/www/html/deasoft/src/Controller/EstoquesController.php, line 118]
Request URL: /estoques/add
Referer URL: http://deasoft.localhost.com/estoques/add
Client IP: 127.0.0.1
Trace:
Cake\Error\BaseErrorHandler::handleError() - CORE/src/Error/BaseErrorHandler.php, line 146
App\Controller\EstoquesController::trataMovimentacao() - APP/Controller/EstoquesController.php, line 118
App\Controller\EstoquesController::add() - APP/Controller/EstoquesController.php, line 61
Cake\Controller\Controller::invokeAction() - CORE/src/Controller/Controller.php, line 429
Cake\Routing\Dispatcher::_invoke() - CORE/src/Routing/Dispatcher.php, line 114
Cake\Routing\Dispatcher::dispatch() - CORE/src/Routing/Dispatcher.php, line 87
[main] - ROOT/webroot/index.php, line 37



2016-05-30 18:31:48 Notice: Notice (8): Undefined index: dt_pedido in [/var/www/html/deasoft/src/Controller/EstoquesController.php, line 118]
Request URL: /estoques/add
Referer URL: http://deasoft.localhost.com/estoques/add
Client IP: 127.0.0.1
Trace:
Cake\Error\BaseErrorHandler::handleError() - CORE/src/Error/BaseErrorHandler.php, line 146
App\Controller\EstoquesController::trataMovimentacao() - APP/Controller/EstoquesController.php, line 118
App\Controller\EstoquesController::add() - APP/Controller/EstoquesController.php, line 61
Cake\Controller\Controller::invokeAction() - CORE/src/Controller/Controller.php, line 429
Cake\Routing\Dispatcher::_invoke() - CORE/src/Routing/Dispatcher.php, line 114
Cake\Routing\Dispatcher::dispatch() - CORE/src/Routing/Dispatcher.php, line 87
[main] - ROOT/webroot/index.php, line 37



2016-05-30 18:31:49 Notice: Notice (8): Undefined index: dt_pedido in [/var/www/html/deasoft/src/Controller/EstoquesController.php, line 118]
Request URL: /estoques/add
Referer URL: http://deasoft.localhost.com/estoques/add
Client IP: 127.0.0.1
Trace:
Cake\Error\BaseErrorHandler::handleError() - CORE/src/Error/BaseErrorHandler.php, line 146
App\Controller\EstoquesController::trataMovimentacao() - APP/Controller/EstoquesController.php, line 118
App\Controller\EstoquesController::add() - APP/Controller/EstoquesController.php, line 61
Cake\Controller\Controller::invokeAction() - CORE/src/Controller/Controller.php, line 429
Cake\Routing\Dispatcher::_invoke() - CORE/src/Routing/Dispatcher.php, line 114
Cake\Routing\Dispatcher::dispatch() - CORE/src/Routing/Dispatcher.php, line 87
[main] - ROOT/webroot/index.php, line 37



2016-05-30 18:31:50 Notice: Notice (8): Undefined index: dt_pedido in [/var/www/html/deasoft/src/Controller/EstoquesController.php, line 118]
Request URL: /estoques/add
Referer URL: http://deasoft.localhost.com/estoques/add
Client IP: 127.0.0.1
Trace:
Cake\Error\BaseErrorHandler::handleError() - CORE/src/Error/BaseErrorHandler.php, line 146
App\Controller\EstoquesController::trataMovimentacao() - APP/Controller/EstoquesController.php, line 118
App\Controller\EstoquesController::add() - APP/Controller/EstoquesController.php, line 61
Cake\Controller\Controller::invokeAction() - CORE/src/Controller/Controller.php, line 429
Cake\Routing\Dispatcher::_invoke() - CORE/src/Routing/Dispatcher.php, line 114
Cake\Routing\Dispatcher::dispatch() - CORE/src/Routing/Dispatcher.php, line 87
[main] - ROOT/webroot/index.php, line 37



2016-06-02 15:58:14 Notice: Notice (8): Undefined variable: controller in [/var/www/html/deasoft/src/Controller/Components/Estoques/renderEstoqueClass.php, line 32]
Request URL: /estoques/add
Referer URL: http://deasoft.localhost.com/estoques
Client IP: 127.0.0.1
Trace:
Cake\Error\BaseErrorHandler::handleError() - CORE/src/Error/BaseErrorHandler.php, line 146
App\Controller\Components\Estoques\renderEstoqueClass::renderMateriais() - APP/Controller/Components/Estoques/renderEstoqueClass.php, line 32
App\Controller\EstoquesController::add() - APP/Controller/EstoquesController.php, line 75
Cake\Controller\Controller::invokeAction() - CORE/src/Controller/Controller.php, line 429
Cake\Routing\Dispatcher::_invoke() - CORE/src/Routing/Dispatcher.php, line 114
Cake\Routing\Dispatcher::dispatch() - CORE/src/Routing/Dispatcher.php, line 87
[main] - ROOT/webroot/index.php, line 37



2016-06-02 15:58:14 Notice: Notice (8): Trying to get property of non-object in [/var/www/html/deasoft/src/Controller/Components/Estoques/renderEstoqueClass.php, line 32]
Request URL: /estoques/add
Referer URL: http://deasoft.localhost.com/estoques
Client IP: 127.0.0.1
Trace:
Cake\Error\BaseErrorHandler::handleError() - CORE/src/Error/BaseErrorHandler.php, line 146
App\Controller\Components\Estoques\renderEstoqueClass::renderMateriais() - APP/Controller/Components/Estoques/renderEstoqueClass.php, line 32
App\Controller\EstoquesController::add() - APP/Controller/EstoquesController.php, line 75
Cake\Controller\Controller::invokeAction() - CORE/src/Controller/Controller.php, line 429
Cake\Routing\Dispatcher::_invoke() - CORE/src/Routing/Dispatcher.php, line 114
Cake\Routing\Dispatcher::dispatch() - CORE/src/Routing/Dispatcher.php, line 87
[main] - ROOT/webroot/index.php, line 37



2016-06-02 15:58:24 Notice: Notice (8): Undefined variable: controller in [/var/www/html/deasoft/src/Controller/Components/Estoques/renderEstoqueClass.php, line 32]
Request URL: /estoques/add
Referer URL: http://deasoft.localhost.com/estoques
Client IP: 127.0.0.1
Trace:
Cake\Error\BaseErrorHandler::handleError() - CORE/src/Error/BaseErrorHandler.php, line 146
App\Controller\Components\Estoques\renderEstoqueClass::renderMateriais() - APP/Controller/Components/Estoques/renderEstoqueClass.php, line 32
App\Controller\EstoquesController::add() - APP/Controller/EstoquesController.php, line 75
Cake\Controller\Controller::invokeAction() - CORE/src/Controller/Controller.php, line 429
Cake\Routing\Dispatcher::_invoke() - CORE/src/Routing/Dispatcher.php, line 114
Cake\Routing\Dispatcher::dispatch() - CORE/src/Routing/Dispatcher.php, line 87
[main] - ROOT/webroot/index.php, line 37



2016-06-02 15:58:25 Notice: Notice (8): Undefined variable: controller in [/var/www/html/deasoft/src/Controller/Components/Estoques/renderEstoqueClass.php, line 32]
Request URL: /estoques/add
Referer URL: http://deasoft.localhost.com/estoques
Client IP: 127.0.0.1
Trace:
Cake\Error\BaseErrorHandler::handleError() - CORE/src/Error/BaseErrorHandler.php, line 146
App\Controller\Components\Estoques\renderEstoqueClass::renderMateriais() - APP/Controller/Components/Estoques/renderEstoqueClass.php, line 32
App\Controller\EstoquesController::add() - APP/Controller/EstoquesController.php, line 75
Cake\Controller\Controller::invokeAction() - CORE/src/Controller/Controller.php, line 429
Cake\Routing\Dispatcher::_invoke() - CORE/src/Routing/Dispatcher.php, line 114
Cake\Routing\Dispatcher::dispatch() - CORE/src/Routing/Dispatcher.php, line 87
[main] - ROOT/webroot/index.php, line 37



2016-06-02 15:58:25 Notice: Notice (8): Undefined variable: controller in [/var/www/html/deasoft/src/Controller/Components/Estoques/renderEstoqueClass.php, line 32]
Request URL: /estoques/add
Referer URL: http://deasoft.localhost.com/estoques
Client IP: 127.0.0.1
Trace:
Cake\Error\BaseErrorHandler::handleError() - CORE/src/Error/BaseErrorHandler.php, line 146
App\Controller\Components\Estoques\renderEstoqueClass::renderMateriais() - APP/Controller/Components/Estoques/renderEstoqueClass.php, line 32
App\Controller\EstoquesController::add() - APP/Controller/EstoquesController.php, line 75
Cake\Controller\Controller::invokeAction() - CORE/src/Controller/Controller.php, line 429
Cake\Routing\Dispatcher::_invoke() - CORE/src/Routing/Dispatcher.php, line 114
Cake\Routing\Dispatcher::dispatch() - CORE/src/Routing/Dispatcher.php, line 87
[main] - ROOT/webroot/index.php, line 37



2016-06-02 16:01:14 Notice: Notice (8): Undefined property: App\Controller\Components\Estoques\renderEstoqueClass::$Materiais in [/var/www/html/deasoft/src/Controller/Components/Estoques/renderEstoqueClass.php, line 31]
Request URL: /estoques/add
Referer URL: http://deasoft.localhost.com/estoques
Client IP: 127.0.0.1
Trace:
Cake\Error\BaseErrorHandler::handleError() - CORE/src/Error/BaseErrorHandler.php, line 146
App\Controller\Components\Estoques\renderEstoqueClass::renderMateriais() - APP/Controller/Components/Estoques/renderEstoqueClass.php, line 31
App\Controller\EstoquesController::add() - APP/Controller/EstoquesController.php, line 76
Cake\Controller\Controller::invokeAction() - CORE/src/Controller/Controller.php, line 429
Cake\Routing\Dispatcher::_invoke() - CORE/src/Routing/Dispatcher.php, line 114
Cake\Routing\Dispatcher::dispatch() - CORE/src/Routing/Dispatcher.php, line 87
[main] - ROOT/webroot/index.php, line 37



2016-06-02 16:01:15 Notice: Notice (8): Undefined property: App\Controller\Components\Estoques\renderEstoqueClass::$Materiais in [/var/www/html/deasoft/src/Controller/Components/Estoques/renderEstoqueClass.php, line 31]
Request URL: /estoques/add
Referer URL: http://deasoft.localhost.com/estoques
Client IP: 127.0.0.1
Trace:
Cake\Error\BaseErrorHandler::handleError() - CORE/src/Error/BaseErrorHandler.php, line 146
App\Controller\Components\Estoques\renderEstoqueClass::renderMateriais() - APP/Controller/Components/Estoques/renderEstoqueClass.php, line 31
App\Controller\EstoquesController::add() - APP/Controller/EstoquesController.php, line 76
Cake\Controller\Controller::invokeAction() - CORE/src/Controller/Controller.php, line 429
Cake\Routing\Dispatcher::_invoke() - CORE/src/Routing/Dispatcher.php, line 114
Cake\Routing\Dispatcher::dispatch() - CORE/src/Routing/Dispatcher.php, line 87
[main] - ROOT/webroot/index.php, line 37



2016-06-02 16:01:16 Notice: Notice (8): Undefined property: App\Controller\Components\Estoques\renderEstoqueClass::$Materiais in [/var/www/html/deasoft/src/Controller/Components/Estoques/renderEstoqueClass.php, line 31]
Request URL: /estoques/add
Referer URL: http://deasoft.localhost.com/estoques
Client IP: 127.0.0.1
Trace:
Cake\Error\BaseErrorHandler::handleError() - CORE/src/Error/BaseErrorHandler.php, line 146
App\Controller\Components\Estoques\renderEstoqueClass::renderMateriais() - APP/Controller/Components/Estoques/renderEstoqueClass.php, line 31
App\Controller\EstoquesController::add() - APP/Controller/EstoquesController.php, line 76
Cake\Controller\Controller::invokeAction() - CORE/src/Controller/Controller.php, line 429
Cake\Routing\Dispatcher::_invoke() - CORE/src/Routing/Dispatcher.php, line 114
Cake\Routing\Dispatcher::dispatch() - CORE/src/Routing/Dispatcher.php, line 87
[main] - ROOT/webroot/index.php, line 37



2016-06-02 16:01:16 Notice: Notice (8): Undefined property: App\Controller\Components\Estoques\renderEstoqueClass::$Materiais in [/var/www/html/deasoft/src/Controller/Components/Estoques/renderEstoqueClass.php, line 31]
Request URL: /estoques/add
Referer URL: http://deasoft.localhost.com/estoques
Client IP: 127.0.0.1
Trace:
Cake\Error\BaseErrorHandler::handleError() - CORE/src/Error/BaseErrorHandler.php, line 146
App\Controller\Components\Estoques\renderEstoqueClass::renderMateriais() - APP/Controller/Components/Estoques/renderEstoqueClass.php, line 31
App\Controller\EstoquesController::add() - APP/Controller/EstoquesController.php, line 76
Cake\Controller\Controller::invokeAction() - CORE/src/Controller/Controller.php, line 429
Cake\Routing\Dispatcher::_invoke() - CORE/src/Routing/Dispatcher.php, line 114
Cake\Routing\Dispatcher::dispatch() - CORE/src/Routing/Dispatcher.php, line 87
[main] - ROOT/webroot/index.php, line 37



2016-06-02 16:01:17 Notice: Notice (8): Undefined property: App\Controller\Components\Estoques\renderEstoqueClass::$Materiais in [/var/www/html/deasoft/src/Controller/Components/Estoques/renderEstoqueClass.php, line 31]
Request URL: /estoques/add
Referer URL: http://deasoft.localhost.com/estoques
Client IP: 127.0.0.1
Trace:
Cake\Error\BaseErrorHandler::handleError() - CORE/src/Error/BaseErrorHandler.php, line 146
App\Controller\Components\Estoques\renderEstoqueClass::renderMateriais() - APP/Controller/Components/Estoques/renderEstoqueClass.php, line 31
App\Controller\EstoquesController::add() - APP/Controller/EstoquesController.php, line 76
Cake\Controller\Controller::invokeAction() - CORE/src/Controller/Controller.php, line 429
Cake\Routing\Dispatcher::_invoke() - CORE/src/Routing/Dispatcher.php, line 114
Cake\Routing\Dispatcher::dispatch() - CORE/src/Routing/Dispatcher.php, line 87
[main] - ROOT/webroot/index.php, line 37



2016-06-02 16:01:17 Notice: Notice (8): Undefined property: App\Controller\Components\Estoques\renderEstoqueClass::$Materiais in [/var/www/html/deasoft/src/Controller/Components/Estoques/renderEstoqueClass.php, line 31]
Request URL: /estoques/add
Referer URL: http://deasoft.localhost.com/estoques
Client IP: 127.0.0.1
Trace:
Cake\Error\BaseErrorHandler::handleError() - CORE/src/Error/BaseErrorHandler.php, line 146
App\Controller\Components\Estoques\renderEstoqueClass::renderMateriais() - APP/Controller/Components/Estoques/renderEstoqueClass.php, line 31
App\Controller\EstoquesController::add() - APP/Controller/EstoquesController.php, line 76
Cake\Controller\Controller::invokeAction() - CORE/src/Controller/Controller.php, line 429
Cake\Routing\Dispatcher::_invoke() - CORE/src/Routing/Dispatcher.php, line 114
Cake\Routing\Dispatcher::dispatch() - CORE/src/Routing/Dispatcher.php, line 87
[main] - ROOT/webroot/index.php, line 37



2016-06-04 23:11:31 Notice: Notice (8): Undefined variable: renderClass in [/var/www/html/deasoft/src/Controller/EstoquesController.php, line 100]
Request URL: /estoques/edit/25
Referer URL: http://deasoft.localhost.com/estoques
Client IP: 127.0.0.1
Trace:
Cake\Error\BaseErrorHandler::handleError() - CORE/src/Error/BaseErrorHandler.php, line 146
App\Controller\EstoquesController::edit() - APP/Controller/EstoquesController.php, line 100
Cake\Controller\Controller::invokeAction() - CORE/src/Controller/Controller.php, line 429
Cake\Routing\Dispatcher::_invoke() - CORE/src/Routing/Dispatcher.php, line 114
Cake\Routing\Dispatcher::dispatch() - CORE/src/Routing/Dispatcher.php, line 87
[main] - ROOT/webroot/index.php, line 37



2016-06-05 00:29:31 Notice: Notice (8): Undefined variable: data in [/var/www/html/deasoft/src/Controller/Components/Funcoes/funcoesRenderClass.php, line 16]
Request URL: /funcoes/add
Referer URL: http://deasoft.localhost.com/funcoes
Client IP: 127.0.0.1
Trace:
Cake\Error\BaseErrorHandler::handleError() - CORE/src/Error/BaseErrorHandler.php, line 146
App\Controller\Components\Funcoes\funcoesRenderClass::trataPostFuncoes() - APP/Controller/Components/Funcoes/funcoesRenderClass.php, line 16
App\Controller\FuncoesController::add() - APP/Controller/FuncoesController.php, line 33
Cake\Controller\Controller::invokeAction() - CORE/src/Controller/Controller.php, line 429
Cake\Routing\Dispatcher::_invoke() - CORE/src/Routing/Dispatcher.php, line 114
Cake\Routing\Dispatcher::dispatch() - CORE/src/Routing/Dispatcher.php, line 87
[main] - ROOT/webroot/index.php, line 37



2016-06-05 00:30:18 Notice: Notice (8): Undefined index: descricao in [/var/www/html/deasoft/src/Controller/Components/Funcoes/funcoesRenderClass.php, line 16]
Request URL: /funcoes/add
Referer URL: http://deasoft.localhost.com/funcoes
Client IP: 127.0.0.1
Trace:
Cake\Error\BaseErrorHandler::handleError() - CORE/src/Error/BaseErrorHandler.php, line 146
App\Controller\Components\Funcoes\funcoesRenderClass::trataPostFuncoes() - APP/Controller/Components/Funcoes/funcoesRenderClass.php, line 16
App\Controller\FuncoesController::add() - APP/Controller/FuncoesController.php, line 33
Cake\Controller\Controller::invokeAction() - CORE/src/Controller/Controller.php, line 429
Cake\Routing\Dispatcher::_invoke() - CORE/src/Routing/Dispatcher.php, line 114
Cake\Routing\Dispatcher::dispatch() - CORE/src/Routing/Dispatcher.php, line 87
[main] - ROOT/webroot/index.php, line 37



2016-06-05 00:30:35 Notice: Notice (8): Undefined index: descricao in [/var/www/html/deasoft/src/Controller/Components/Funcoes/funcoesRenderClass.php, line 16]
Request URL: /funcoes/add
Referer URL: http://deasoft.localhost.com/funcoes
Client IP: 127.0.0.1
Trace:
Cake\Error\BaseErrorHandler::handleError() - CORE/src/Error/BaseErrorHandler.php, line 146
App\Controller\Components\Funcoes\funcoesRenderClass::trataPostFuncoes() - APP/Controller/Components/Funcoes/funcoesRenderClass.php, line 16
App\Controller\FuncoesController::add() - APP/Controller/FuncoesController.php, line 33
Cake\Controller\Controller::invokeAction() - CORE/src/Controller/Controller.php, line 429
Cake\Routing\Dispatcher::_invoke() - CORE/src/Routing/Dispatcher.php, line 114
Cake\Routing\Dispatcher::dispatch() - CORE/src/Routing/Dispatcher.php, line 87
[main] - ROOT/webroot/index.php, line 37



2016-06-05 00:30:59 Notice: Notice (8): Undefined index: descricao in [/var/www/html/deasoft/src/Controller/Components/Funcoes/funcoesRenderClass.php, line 17]
Request URL: /funcoes/add
Referer URL: http://deasoft.localhost.com/funcoes
Client IP: 127.0.0.1
Trace:
Cake\Error\BaseErrorHandler::handleError() - CORE/src/Error/BaseErrorHandler.php, line 146
App\Controller\Components\Funcoes\funcoesRenderClass::trataPostFuncoes() - APP/Controller/Components/Funcoes/funcoesRenderClass.php, line 17
App\Controller\FuncoesController::add() - APP/Controller/FuncoesController.php, line 33
Cake\Controller\Controller::invokeAction() - CORE/src/Controller/Controller.php, line 429
Cake\Routing\Dispatcher::_invoke() - CORE/src/Routing/Dispatcher.php, line 114
Cake\Routing\Dispatcher::dispatch() - CORE/src/Routing/Dispatcher.php, line 87
[main] - ROOT/webroot/index.php, line 37



2016-06-05 00:31:01 Notice: Notice (8): Undefined index: descricao in [/var/www/html/deasoft/src/Controller/Components/Funcoes/funcoesRenderClass.php, line 17]
Request URL: /funcoes/add
Referer URL: http://deasoft.localhost.com/funcoes
Client IP: 127.0.0.1
Trace:
Cake\Error\BaseErrorHandler::handleError() - CORE/src/Error/BaseErrorHandler.php, line 146
App\Controller\Components\Funcoes\funcoesRenderClass::trataPostFuncoes() - APP/Controller/Components/Funcoes/funcoesRenderClass.php, line 17
App\Controller\FuncoesController::add() - APP/Controller/FuncoesController.php, line 33
Cake\Controller\Controller::invokeAction() - CORE/src/Controller/Controller.php, line 429
Cake\Routing\Dispatcher::_invoke() - CORE/src/Routing/Dispatcher.php, line 114
Cake\Routing\Dispatcher::dispatch() - CORE/src/Routing/Dispatcher.php, line 87
[main] - ROOT/webroot/index.php, line 37



2016-06-05 00:31:05 Notice: Notice (8): Undefined index: descricao in [/var/www/html/deasoft/src/Controller/Components/Funcoes/funcoesRenderClass.php, line 17]
Request URL: /funcoes/add
Referer URL: http://deasoft.localhost.com/funcoes
Client IP: 127.0.0.1
Trace:
Cake\Error\BaseErrorHandler::handleError() - CORE/src/Error/BaseErrorHandler.php, line 146
App\Controller\Components\Funcoes\funcoesRenderClass::trataPostFuncoes() - APP/Controller/Components/Funcoes/funcoesRenderClass.php, line 17
App\Controller\FuncoesController::add() - APP/Controller/FuncoesController.php, line 33
Cake\Controller\Controller::invokeAction() - CORE/src/Controller/Controller.php, line 429
Cake\Routing\Dispatcher::_invoke() - CORE/src/Routing/Dispatcher.php, line 114
Cake\Routing\Dispatcher::dispatch() - CORE/src/Routing/Dispatcher.php, line 87
[main] - ROOT/webroot/index.php, line 37



2016-06-05 01:08:28 Notice: Notice (8): Undefined variable: query in [/var/www/html/deasoft/src/Controller/UsuariosController.php, line 29]
Request URL: /usuarios
Client IP: 127.0.0.1
Trace:
Cake\Error\BaseErrorHandler::handleError() - CORE/src/Error/BaseErrorHandler.php, line 146
App\Controller\usuariosController::index() - APP/Controller/UsuariosController.php, line 29
Cake\Controller\Controller::invokeAction() - CORE/src/Controller/Controller.php, line 429
Cake\Routing\Dispatcher::_invoke() - CORE/src/Routing/Dispatcher.php, line 114
Cake\Routing\Dispatcher::dispatch() - CORE/src/Routing/Dispatcher.php, line 87
[main] - ROOT/webroot/index.php, line 37



2016-06-05 01:08:29 Notice: Notice (8): Undefined variable: query in [/var/www/html/deasoft/src/Controller/UsuariosController.php, line 29]
Request URL: /usuarios
Client IP: 127.0.0.1
Trace:
Cake\Error\BaseErrorHandler::handleError() - CORE/src/Error/BaseErrorHandler.php, line 146
App\Controller\usuariosController::index() - APP/Controller/UsuariosController.php, line 29
Cake\Controller\Controller::invokeAction() - CORE/src/Controller/Controller.php, line 429
Cake\Routing\Dispatcher::_invoke() - CORE/src/Routing/Dispatcher.php, line 114
Cake\Routing\Dispatcher::dispatch() - CORE/src/Routing/Dispatcher.php, line 87
[main] - ROOT/webroot/index.php, line 37



2016-06-05 02:09:04 Notice: Notice (8): Undefined property: App\Controller\Components\Usuarios\usuariosRenderClass::$Users in [/var/www/html/deasoft/src/Controller/Components/Usuarios/usuariosRenderClass.php, line 30]
Request URL: /usuarios
Referer URL: http://deasoft.localhost.com/users/login
Client IP: 127.0.0.1
Trace:
Cake\Error\BaseErrorHandler::handleError() - CORE/src/Error/BaseErrorHandler.php, line 146
App\Controller\Components\Usuarios\usuariosRenderClass::getUsersWithJoins() - APP/Controller/Components/Usuarios/usuariosRenderClass.php, line 30
App\Controller\Components\Usuarios\usuariosRenderClass::getUsuariosData() - APP/Controller/Components/Usuarios/usuariosRenderClass.php, line 20
App\Controller\usuariosController::index() - APP/Controller/UsuariosController.php, line 37
Cake\Controller\Controller::invokeAction() - CORE/src/Controller/Controller.php, line 429
Cake\Routing\Dispatcher::_invoke() - CORE/src/Routing/Dispatcher.php, line 114
Cake\Routing\Dispatcher::dispatch() - CORE/src/Routing/Dispatcher.php, line 87
[main] - ROOT/webroot/index.php, line 37



2016-06-05 02:09:06 Notice: Notice (8): Undefined property: App\Controller\Components\Usuarios\usuariosRenderClass::$Users in [/var/www/html/deasoft/src/Controller/Components/Usuarios/usuariosRenderClass.php, line 30]
Request URL: /usuarios
Referer URL: http://deasoft.localhost.com/users/login
Client IP: 127.0.0.1
Trace:
Cake\Error\BaseErrorHandler::handleError() - CORE/src/Error/BaseErrorHandler.php, line 146
App\Controller\Components\Usuarios\usuariosRenderClass::getUsersWithJoins() - APP/Controller/Components/Usuarios/usuariosRenderClass.php, line 30
App\Controller\Components\Usuarios\usuariosRenderClass::getUsuariosData() - APP/Controller/Components/Usuarios/usuariosRenderClass.php, line 20
App\Controller\usuariosController::index() - APP/Controller/UsuariosController.php, line 37
Cake\Controller\Controller::invokeAction() - CORE/src/Controller/Controller.php, line 429
Cake\Routing\Dispatcher::_invoke() - CORE/src/Routing/Dispatcher.php, line 114
Cake\Routing\Dispatcher::dispatch() - CORE/src/Routing/Dispatcher.php, line 87
[main] - ROOT/webroot/index.php, line 37



2016-06-05 02:39:49 Notice: Notice (8): Array to string conversion in [/var/www/html/deasoft/vendor/cakephp/cakephp/src/ORM/Table.php, line 1768]
Request URL: /usuarios/add
Referer URL: http://deasoft.localhost.com/usuarios
Client IP: 127.0.0.1
Trace:
Cake\Error\BaseErrorHandler::handleError() - CORE/src/Error/BaseErrorHandler.php, line 146
Cake\ORM\Table::callFinder() - CORE/src/ORM/Table.php, line 1768
Cake\ORM\Table::find() - CORE/src/ORM/Table.php, line 947
App\Controller\Components\Usuarios\usuariosRenderClass::renderFuncoes() - APP/Controller/Components/Usuarios/usuariosRenderClass.php, line 23
App\Controller\usuariosController::add() - APP/Controller/UsuariosController.php, line 38
Cake\Controller\Controller::invokeAction() - CORE/src/Controller/Controller.php, line 429
Cake\Routing\Dispatcher::_invoke() - CORE/src/Routing/Dispatcher.php, line 114
Cake\Routing\Dispatcher::dispatch() - CORE/src/Routing/Dispatcher.php, line 87
[main] - ROOT/webroot/index.php, line 37



2016-06-05 02:39:49 Notice: Notice (8): Array to string conversion in [/var/www/html/deasoft/vendor/cakephp/cakephp/src/ORM/Table.php, line 1778]
Request URL: /usuarios/add
Referer URL: http://deasoft.localhost.com/usuarios
Client IP: 127.0.0.1
Trace:
Cake\Error\BaseErrorHandler::handleError() - CORE/src/Error/BaseErrorHandler.php, line 146
sprintf - [internal], line ??
Cake\ORM\Table::callFinder() - CORE/src/ORM/Table.php, line 1778
Cake\ORM\Table::find() - CORE/src/ORM/Table.php, line 947
App\Controller\Components\Usuarios\usuariosRenderClass::renderFuncoes() - APP/Controller/Components/Usuarios/usuariosRenderClass.php, line 23
App\Controller\usuariosController::add() - APP/Controller/UsuariosController.php, line 38
Cake\Controller\Controller::invokeAction() - CORE/src/Controller/Controller.php, line 429
Cake\Routing\Dispatcher::_invoke() - CORE/src/Routing/Dispatcher.php, line 114
Cake\Routing\Dispatcher::dispatch() - CORE/src/Routing/Dispatcher.php, line 87
[main] - ROOT/webroot/index.php, line 37



2016-06-05 02:40:27 Notice: Notice (8): Array to string conversion in [/var/www/html/deasoft/vendor/cakephp/cakephp/src/ORM/Table.php, line 1768]
Request URL: /usuarios/add
Referer URL: http://deasoft.localhost.com/usuarios
Client IP: 127.0.0.1
Trace:
Cake\Error\BaseErrorHandler::handleError() - CORE/src/Error/BaseErrorHandler.php, line 146
Cake\ORM\Table::callFinder() - CORE/src/ORM/Table.php, line 1768
Cake\ORM\Table::find() - CORE/src/ORM/Table.php, line 947
App\Controller\Components\Usuarios\usuariosRenderClass::renderFuncoes() - APP/Controller/Components/Usuarios/usuariosRenderClass.php, line 23
App\Controller\usuariosController::add() - APP/Controller/UsuariosController.php, line 38
Cake\Controller\Controller::invokeAction() - CORE/src/Controller/Controller.php, line 429
Cake\Routing\Dispatcher::_invoke() - CORE/src/Routing/Dispatcher.php, line 114
Cake\Routing\Dispatcher::dispatch() - CORE/src/Routing/Dispatcher.php, line 87
[main] - ROOT/webroot/index.php, line 37



2016-06-05 02:40:27 Notice: Notice (8): Array to string conversion in [/var/www/html/deasoft/vendor/cakephp/cakephp/src/ORM/Table.php, line 1778]
Request URL: /usuarios/add
Referer URL: http://deasoft.localhost.com/usuarios
Client IP: 127.0.0.1
Trace:
Cake\Error\BaseErrorHandler::handleError() - CORE/src/Error/BaseErrorHandler.php, line 146
sprintf - [internal], line ??
Cake\ORM\Table::callFinder() - CORE/src/ORM/Table.php, line 1778
Cake\ORM\Table::find() - CORE/src/ORM/Table.php, line 947
App\Controller\Components\Usuarios\usuariosRenderClass::renderFuncoes() - APP/Controller/Components/Usuarios/usuariosRenderClass.php, line 23
App\Controller\usuariosController::add() - APP/Controller/UsuariosController.php, line 38
Cake\Controller\Controller::invokeAction() - CORE/src/Controller/Controller.php, line 429
Cake\Routing\Dispatcher::_invoke() - CORE/src/Routing/Dispatcher.php, line 114
Cake\Routing\Dispatcher::dispatch() - CORE/src/Routing/Dispatcher.php, line 87
[main] - ROOT/webroot/index.php, line 37



2016-06-05 02:40:28 Notice: Notice (8): Array to string conversion in [/var/www/html/deasoft/vendor/cakephp/cakephp/src/ORM/Table.php, line 1768]
Request URL: /usuarios/add
Referer URL: http://deasoft.localhost.com/usuarios
Client IP: 127.0.0.1
Trace:
Cake\Error\BaseErrorHandler::handleError() - CORE/src/Error/BaseErrorHandler.php, line 146
Cake\ORM\Table::callFinder() - CORE/src/ORM/Table.php, line 1768
Cake\ORM\Table::find() - CORE/src/ORM/Table.php, line 947
App\Controller\Components\Usuarios\usuariosRenderClass::renderFuncoes() - APP/Controller/Components/Usuarios/usuariosRenderClass.php, line 23
App\Controller\usuariosController::add() - APP/Controller/UsuariosController.php, line 38
Cake\Controller\Controller::invokeAction() - CORE/src/Controller/Controller.php, line 429
Cake\Routing\Dispatcher::_invoke() - CORE/src/Routing/Dispatcher.php, line 114
Cake\Routing\Dispatcher::dispatch() - CORE/src/Routing/Dispatcher.php, line 87
[main] - ROOT/webroot/index.php, line 37



2016-06-05 02:40:28 Notice: Notice (8): Array to string conversion in [/var/www/html/deasoft/vendor/cakephp/cakephp/src/ORM/Table.php, line 1778]
Request URL: /usuarios/add
Referer URL: http://deasoft.localhost.com/usuarios
Client IP: 127.0.0.1
Trace:
Cake\Error\BaseErrorHandler::handleError() - CORE/src/Error/BaseErrorHandler.php, line 146
sprintf - [internal], line ??
Cake\ORM\Table::callFinder() - CORE/src/ORM/Table.php, line 1778
Cake\ORM\Table::find() - CORE/src/ORM/Table.php, line 947
App\Controller\Components\Usuarios\usuariosRenderClass::renderFuncoes() - APP/Controller/Components/Usuarios/usuariosRenderClass.php, line 23
App\Controller\usuariosController::add() - APP/Controller/UsuariosController.php, line 38
Cake\Controller\Controller::invokeAction() - CORE/src/Controller/Controller.php, line 429
Cake\Routing\Dispatcher::_invoke() - CORE/src/Routing/Dispatcher.php, line 114
Cake\Routing\Dispatcher::dispatch() - CORE/src/Routing/Dispatcher.php, line 87
[main] - ROOT/webroot/index.php, line 37



2016-06-05 02:40:29 Notice: Notice (8): Array to string conversion in [/var/www/html/deasoft/vendor/cakephp/cakephp/src/ORM/Table.php, line 1768]
Request URL: /usuarios/add
Referer URL: http://deasoft.localhost.com/usuarios
Client IP: 127.0.0.1
Trace:
Cake\Error\BaseErrorHandler::handleError() - CORE/src/Error/BaseErrorHandler.php, line 146
Cake\ORM\Table::callFinder() - CORE/src/ORM/Table.php, line 1768
Cake\ORM\Table::find() - CORE/src/ORM/Table.php, line 947
App\Controller\Components\Usuarios\usuariosRenderClass::renderFuncoes() - APP/Controller/Components/Usuarios/usuariosRenderClass.php, line 23
App\Controller\usuariosController::add() - APP/Controller/UsuariosController.php, line 38
Cake\Controller\Controller::invokeAction() - CORE/src/Controller/Controller.php, line 429
Cake\Routing\Dispatcher::_invoke() - CORE/src/Routing/Dispatcher.php, line 114
Cake\Routing\Dispatcher::dispatch() - CORE/src/Routing/Dispatcher.php, line 87
[main] - ROOT/webroot/index.php, line 37



2016-06-05 02:40:29 Notice: Notice (8): Array to string conversion in [/var/www/html/deasoft/vendor/cakephp/cakephp/src/ORM/Table.php, line 1778]
Request URL: /usuarios/add
Referer URL: http://deasoft.localhost.com/usuarios
Client IP: 127.0.0.1
Trace:
Cake\Error\BaseErrorHandler::handleError() - CORE/src/Error/BaseErrorHandler.php, line 146
sprintf - [internal], line ??
Cake\ORM\Table::callFinder() - CORE/src/ORM/Table.php, line 1778
Cake\ORM\Table::find() - CORE/src/ORM/Table.php, line 947
App\Controller\Components\Usuarios\usuariosRenderClass::renderFuncoes() - APP/Controller/Components/Usuarios/usuariosRenderClass.php, line 23
App\Controller\usuariosController::add() - APP/Controller/UsuariosController.php, line 38
Cake\Controller\Controller::invokeAction() - CORE/src/Controller/Controller.php, line 429
Cake\Routing\Dispatcher::_invoke() - CORE/src/Routing/Dispatcher.php, line 114
Cake\Routing\Dispatcher::dispatch() - CORE/src/Routing/Dispatcher.php, line 87
[main] - ROOT/webroot/index.php, line 37



2016-06-05 02:40:29 Notice: Notice (8): Array to string conversion in [/var/www/html/deasoft/vendor/cakephp/cakephp/src/ORM/Table.php, line 1768]
Request URL: /usuarios/add
Referer URL: http://deasoft.localhost.com/usuarios
Client IP: 127.0.0.1
Trace:
Cake\Error\BaseErrorHandler::handleError() - CORE/src/Error/BaseErrorHandler.php, line 146
Cake\ORM\Table::callFinder() - CORE/src/ORM/Table.php, line 1768
Cake\ORM\Table::find() - CORE/src/ORM/Table.php, line 947
App\Controller\Components\Usuarios\usuariosRenderClass::renderFuncoes() - APP/Controller/Components/Usuarios/usuariosRenderClass.php, line 23
App\Controller\usuariosController::add() - APP/Controller/UsuariosController.php, line 38
Cake\Controller\Controller::invokeAction() - CORE/src/Controller/Controller.php, line 429
Cake\Routing\Dispatcher::_invoke() - CORE/src/Routing/Dispatcher.php, line 114
Cake\Routing\Dispatcher::dispatch() - CORE/src/Routing/Dispatcher.php, line 87
[main] - ROOT/webroot/index.php, line 37



2016-06-05 02:40:29 Notice: Notice (8): Array to string conversion in [/var/www/html/deasoft/vendor/cakephp/cakephp/src/ORM/Table.php, line 1778]
Request URL: /usuarios/add
Referer URL: http://deasoft.localhost.com/usuarios
Client IP: 127.0.0.1
Trace:
Cake\Error\BaseErrorHandler::handleError() - CORE/src/Error/BaseErrorHandler.php, line 146
sprintf - [internal], line ??
Cake\ORM\Table::callFinder() - CORE/src/ORM/Table.php, line 1778
Cake\ORM\Table::find() - CORE/src/ORM/Table.php, line 947
App\Controller\Components\Usuarios\usuariosRenderClass::renderFuncoes() - APP/Controller/Components/Usuarios/usuariosRenderClass.php, line 23
App\Controller\usuariosController::add() - APP/Controller/UsuariosController.php, line 38
Cake\Controller\Controller::invokeAction() - CORE/src/Controller/Controller.php, line 429
Cake\Routing\Dispatcher::_invoke() - CORE/src/Routing/Dispatcher.php, line 114
Cake\Routing\Dispatcher::dispatch() - CORE/src/Routing/Dispatcher.php, line 87
[main] - ROOT/webroot/index.php, line 37



2016-06-05 02:41:44 Notice: Notice (8): Object of class App\Controller\Components\Usuarios\usuariosRenderClass to string conversion in [/var/www/html/deasoft/src/Controller/Components/Usuarios/usuariosRenderClass.php, line 21]
Request URL: /usuarios/add
Referer URL: http://deasoft.localhost.com/usuarios
Client IP: 127.0.0.1
Trace:
Cake\Error\BaseErrorHandler::handleError() - CORE/src/Error/BaseErrorHandler.php, line 146
App\Controller\Components\Usuarios\usuariosRenderClass::renderFuncoes() - APP/Controller/Components/Usuarios/usuariosRenderClass.php, line 21
App\Controller\usuariosController::add() - APP/Controller/UsuariosController.php, line 38
Cake\Controller\Controller::invokeAction() - CORE/src/Controller/Controller.php, line 429
Cake\Routing\Dispatcher::_invoke() - CORE/src/Routing/Dispatcher.php, line 114
Cake\Routing\Dispatcher::dispatch() - CORE/src/Routing/Dispatcher.php, line 87
[main] - ROOT/webroot/index.php, line 37



2016-06-05 02:41:44 Notice: Notice (8): Undefined variable: Object in [/var/www/html/deasoft/src/Controller/Components/Usuarios/usuariosRenderClass.php, line 21]
Request URL: /usuarios/add
Referer URL: http://deasoft.localhost.com/usuarios
Client IP: 127.0.0.1
Trace:
Cake\Error\BaseErrorHandler::handleError() - CORE/src/Error/BaseErrorHandler.php, line 146
App\Controller\Components\Usuarios\usuariosRenderClass::renderFuncoes() - APP/Controller/Components/Usuarios/usuariosRenderClass.php, line 21
App\Controller\usuariosController::add() - APP/Controller/UsuariosController.php, line 38
Cake\Controller\Controller::invokeAction() - CORE/src/Controller/Controller.php, line 429
Cake\Routing\Dispatcher::_invoke() - CORE/src/Routing/Dispatcher.php, line 114
Cake\Routing\Dispatcher::dispatch() - CORE/src/Routing/Dispatcher.php, line 87
[main] - ROOT/webroot/index.php, line 37



2016-06-05 02:41:44 Notice: Notice (8): Trying to get property of non-object in [/var/www/html/deasoft/src/Controller/Components/Usuarios/usuariosRenderClass.php, line 21]
Request URL: /usuarios/add
Referer URL: http://deasoft.localhost.com/usuarios
Client IP: 127.0.0.1
Trace:
Cake\Error\BaseErrorHandler::handleError() - CORE/src/Error/BaseErrorHandler.php, line 146
App\Controller\Components\Usuarios\usuariosRenderClass::renderFuncoes() - APP/Controller/Components/Usuarios/usuariosRenderClass.php, line 21
App\Controller\usuariosController::add() - APP/Controller/UsuariosController.php, line 38
Cake\Controller\Controller::invokeAction() - CORE/src/Controller/Controller.php, line 429
Cake\Routing\Dispatcher::_invoke() - CORE/src/Routing/Dispatcher.php, line 114
Cake\Routing\Dispatcher::dispatch() - CORE/src/Routing/Dispatcher.php, line 87
[main] - ROOT/webroot/index.php, line 37



2016-06-05 02:41:44 Notice: Notice (8): Trying to get property of non-object in [/var/www/html/deasoft/src/Controller/Components/Usuarios/usuariosRenderClass.php, line 21]
Request URL: /usuarios/add
Referer URL: http://deasoft.localhost.com/usuarios
Client IP: 127.0.0.1
Trace:
Cake\Error\BaseErrorHandler::handleError() - CORE/src/Error/BaseErrorHandler.php, line 146
App\Controller\Components\Usuarios\usuariosRenderClass::renderFuncoes() - APP/Controller/Components/Usuarios/usuariosRenderClass.php, line 21
App\Controller\usuariosController::add() - APP/Controller/UsuariosController.php, line 38
Cake\Controller\Controller::invokeAction() - CORE/src/Controller/Controller.php, line 429
Cake\Routing\Dispatcher::_invoke() - CORE/src/Routing/Dispatcher.php, line 114
Cake\Routing\Dispatcher::dispatch() - CORE/src/Routing/Dispatcher.php, line 87
[main] - ROOT/webroot/index.php, line 37



2016-06-05 02:41:45 Notice: Notice (8): Object of class App\Controller\Components\Usuarios\usuariosRenderClass to string conversion in [/var/www/html/deasoft/src/Controller/Components/Usuarios/usuariosRenderClass.php, line 21]
Request URL: /usuarios/add
Referer URL: http://deasoft.localhost.com/usuarios
Client IP: 127.0.0.1
Trace:
Cake\Error\BaseErrorHandler::handleError() - CORE/src/Error/BaseErrorHandler.php, line 146
App\Controller\Components\Usuarios\usuariosRenderClass::renderFuncoes() - APP/Controller/Components/Usuarios/usuariosRenderClass.php, line 21
App\Controller\usuariosController::add() - APP/Controller/UsuariosController.php, line 38
Cake\Controller\Controller::invokeAction() - CORE/src/Controller/Controller.php, line 429
Cake\Routing\Dispatcher::_invoke() - CORE/src/Routing/Dispatcher.php, line 114
Cake\Routing\Dispatcher::dispatch() - CORE/src/Routing/Dispatcher.php, line 87
[main] - ROOT/webroot/index.php, line 37



2016-06-05 02:41:45 Notice: Notice (8): Undefined variable: Object in [/var/www/html/deasoft/src/Controller/Components/Usuarios/usuariosRenderClass.php, line 21]
Request URL: /usuarios/add
Referer URL: http://deasoft.localhost.com/usuarios
Client IP: 127.0.0.1
Trace:
Cake\Error\BaseErrorHandler::handleError() - CORE/src/Error/BaseErrorHandler.php, line 146
App\Controller\Components\Usuarios\usuariosRenderClass::renderFuncoes() - APP/Controller/Components/Usuarios/usuariosRenderClass.php, line 21
App\Controller\usuariosController::add() - APP/Controller/UsuariosController.php, line 38
Cake\Controller\Controller::invokeAction() - CORE/src/Controller/Controller.php, line 429
Cake\Routing\Dispatcher::_invoke() - CORE/src/Routing/Dispatcher.php, line 114
Cake\Routing\Dispatcher::dispatch() - CORE/src/Routing/Dispatcher.php, line 87
[main] - ROOT/webroot/index.php, line 37



2016-06-05 02:41:45 Notice: Notice (8): Trying to get property of non-object in [/var/www/html/deasoft/src/Controller/Components/Usuarios/usuariosRenderClass.php, line 21]
Request URL: /usuarios/add
Referer URL: http://deasoft.localhost.com/usuarios
Client IP: 127.0.0.1
Trace:
Cake\Error\BaseErrorHandler::handleError() - CORE/src/Error/BaseErrorHandler.php, line 146
App\Controller\Components\Usuarios\usuariosRenderClass::renderFuncoes() - APP/Controller/Components/Usuarios/usuariosRenderClass.php, line 21
App\Controller\usuariosController::add() - APP/Controller/UsuariosController.php, line 38
Cake\Controller\Controller::invokeAction() - CORE/src/Controller/Controller.php, line 429
Cake\Routing\Dispatcher::_invoke() - CORE/src/Routing/Dispatcher.php, line 114
Cake\Routing\Dispatcher::dispatch() - CORE/src/Routing/Dispatcher.php, line 87
[main] - ROOT/webroot/index.php, line 37



2016-06-05 02:41:45 Notice: Notice (8): Trying to get property of non-object in [/var/www/html/deasoft/src/Controller/Components/Usuarios/usuariosRenderClass.php, line 21]
Request URL: /usuarios/add
Referer URL: http://deasoft.localhost.com/usuarios
Client IP: 127.0.0.1
Trace:
Cake\Error\BaseErrorHandler::handleError() - CORE/src/Error/BaseErrorHandler.php, line 146
App\Controller\Components\Usuarios\usuariosRenderClass::renderFuncoes() - APP/Controller/Components/Usuarios/usuariosRenderClass.php, line 21
App\Controller\usuariosController::add() - APP/Controller/UsuariosController.php, line 38
Cake\Controller\Controller::invokeAction() - CORE/src/Controller/Controller.php, line 429
Cake\Routing\Dispatcher::_invoke() - CORE/src/Routing/Dispatcher.php, line 114
Cake\Routing\Dispatcher::dispatch() - CORE/src/Routing/Dispatcher.php, line 87
[main] - ROOT/webroot/index.php, line 37



2016-06-05 02:41:46 Notice: Notice (8): Object of class App\Controller\Components\Usuarios\usuariosRenderClass to string conversion in [/var/www/html/deasoft/src/Controller/Components/Usuarios/usuariosRenderClass.php, line 21]
Request URL: /usuarios/add
Referer URL: http://deasoft.localhost.com/usuarios
Client IP: 127.0.0.1
Trace:
Cake\Error\BaseErrorHandler::handleError() - CORE/src/Error/BaseErrorHandler.php, line 146
App\Controller\Components\Usuarios\usuariosRenderClass::renderFuncoes() - APP/Controller/Components/Usuarios/usuariosRenderClass.php, line 21
App\Controller\usuariosController::add() - APP/Controller/UsuariosController.php, line 38
Cake\Controller\Controller::invokeAction() - CORE/src/Controller/Controller.php, line 429
Cake\Routing\Dispatcher::_invoke() - CORE/src/Routing/Dispatcher.php, line 114
Cake\Routing\Dispatcher::dispatch() - CORE/src/Routing/Dispatcher.php, line 87
[main] - ROOT/webroot/index.php, line 37



2016-06-05 02:41:46 Notice: Notice (8): Undefined variable: Object in [/var/www/html/deasoft/src/Controller/Components/Usuarios/usuariosRenderClass.php, line 21]
Request URL: /usuarios/add
Referer URL: http://deasoft.localhost.com/usuarios
Client IP: 127.0.0.1
Trace:
Cake\Error\BaseErrorHandler::handleError() - CORE/src/Error/BaseErrorHandler.php, line 146
App\Controller\Components\Usuarios\usuariosRenderClass::renderFuncoes() - APP/Controller/Components/Usuarios/usuariosRenderClass.php, line 21
App\Controller\usuariosController::add() - APP/Controller/UsuariosController.php, line 38
Cake\Controller\Controller::invokeAction() - CORE/src/Controller/Controller.php, line 429
Cake\Routing\Dispatcher::_invoke() - CORE/src/Routing/Dispatcher.php, line 114
Cake\Routing\Dispatcher::dispatch() - CORE/src/Routing/Dispatcher.php, line 87
[main] - ROOT/webroot/index.php, line 37



2016-06-05 02:41:46 Notice: Notice (8): Trying to get property of non-object in [/var/www/html/deasoft/src/Controller/Components/Usuarios/usuariosRenderClass.php, line 21]
Request URL: /usuarios/add
Referer URL: http://deasoft.localhost.com/usuarios
Client IP: 127.0.0.1
Trace:
Cake\Error\BaseErrorHandler::handleError() - CORE/src/Error/BaseErrorHandler.php, line 146
App\Controller\Components\Usuarios\usuariosRenderClass::renderFuncoes() - APP/Controller/Components/Usuarios/usuariosRenderClass.php, line 21
App\Controller\usuariosController::add() - APP/Controller/UsuariosController.php, line 38
Cake\Controller\Controller::invokeAction() - CORE/src/Controller/Controller.php, line 429
Cake\Routing\Dispatcher::_invoke() - CORE/src/Routing/Dispatcher.php, line 114
Cake\Routing\Dispatcher::dispatch() - CORE/src/Routing/Dispatcher.php, line 87
[main] - ROOT/webroot/index.php, line 37



2016-06-05 02:41:46 Notice: Notice (8): Trying to get property of non-object in [/var/www/html/deasoft/src/Controller/Components/Usuarios/usuariosRenderClass.php, line 21]
Request URL: /usuarios/add
Referer URL: http://deasoft.localhost.com/usuarios
Client IP: 127.0.0.1
Trace:
Cake\Error\BaseErrorHandler::handleError() - CORE/src/Error/BaseErrorHandler.php, line 146
App\Controller\Components\Usuarios\usuariosRenderClass::renderFuncoes() - APP/Controller/Components/Usuarios/usuariosRenderClass.php, line 21
App\Controller\usuariosController::add() - APP/Controller/UsuariosController.php, line 38
Cake\Controller\Controller::invokeAction() - CORE/src/Controller/Controller.php, line 429
Cake\Routing\Dispatcher::_invoke() - CORE/src/Routing/Dispatcher.php, line 114
Cake\Routing\Dispatcher::dispatch() - CORE/src/Routing/Dispatcher.php, line 87
[main] - ROOT/webroot/index.php, line 37



2016-06-05 02:41:46 Notice: Notice (8): Object of class App\Controller\Components\Usuarios\usuariosRenderClass to string conversion in [/var/www/html/deasoft/src/Controller/Components/Usuarios/usuariosRenderClass.php, line 21]
Request URL: /usuarios/add
Referer URL: http://deasoft.localhost.com/usuarios
Client IP: 127.0.0.1
Trace:
Cake\Error\BaseErrorHandler::handleError() - CORE/src/Error/BaseErrorHandler.php, line 146
App\Controller\Components\Usuarios\usuariosRenderClass::renderFuncoes() - APP/Controller/Components/Usuarios/usuariosRenderClass.php, line 21
App\Controller\usuariosController::add() - APP/Controller/UsuariosController.php, line 38
Cake\Controller\Controller::invokeAction() - CORE/src/Controller/Controller.php, line 429
Cake\Routing\Dispatcher::_invoke() - CORE/src/Routing/Dispatcher.php, line 114
Cake\Routing\Dispatcher::dispatch() - CORE/src/Routing/Dispatcher.php, line 87
[main] - ROOT/webroot/index.php, line 37



2016-06-05 02:41:46 Notice: Notice (8): Undefined variable: Object in [/var/www/html/deasoft/src/Controller/Components/Usuarios/usuariosRenderClass.php, line 21]
Request URL: /usuarios/add
Referer URL: http://deasoft.localhost.com/usuarios
Client IP: 127.0.0.1
Trace:
Cake\Error\BaseErrorHandler::handleError() - CORE/src/Error/BaseErrorHandler.php, line 146
App\Controller\Components\Usuarios\usuariosRenderClass::renderFuncoes() - APP/Controller/Components/Usuarios/usuariosRenderClass.php, line 21
App\Controller\usuariosController::add() - APP/Controller/UsuariosController.php, line 38
Cake\Controller\Controller::invokeAction() - CORE/src/Controller/Controller.php, line 429
Cake\Routing\Dispatcher::_invoke() - CORE/src/Routing/Dispatcher.php, line 114
Cake\Routing\Dispatcher::dispatch() - CORE/src/Routing/Dispatcher.php, line 87
[main] - ROOT/webroot/index.php, line 37



2016-06-05 02:41:46 Notice: Notice (8): Trying to get property of non-object in [/var/www/html/deasoft/src/Controller/Components/Usuarios/usuariosRenderClass.php, line 21]
Request URL: /usuarios/add
Referer URL: http://deasoft.localhost.com/usuarios
Client IP: 127.0.0.1
Trace:
Cake\Error\BaseErrorHandler::handleError() - CORE/src/Error/BaseErrorHandler.php, line 146
App\Controller\Components\Usuarios\usuariosRenderClass::renderFuncoes() - APP/Controller/Components/Usuarios/usuariosRenderClass.php, line 21
App\Controller\usuariosController::add() - APP/Controller/UsuariosController.php, line 38
Cake\Controller\Controller::invokeAction() - CORE/src/Controller/Controller.php, line 429
Cake\Routing\Dispatcher::_invoke() - CORE/src/Routing/Dispatcher.php, line 114
Cake\Routing\Dispatcher::dispatch() - CORE/src/Routing/Dispatcher.php, line 87
[main] - ROOT/webroot/index.php, line 37



2016-06-05 02:41:46 Notice: Notice (8): Trying to get property of non-object in [/var/www/html/deasoft/src/Controller/Components/Usuarios/usuariosRenderClass.php, line 21]
Request URL: /usuarios/add
Referer URL: http://deasoft.localhost.com/usuarios
Client IP: 127.0.0.1
Trace:
Cake\Error\BaseErrorHandler::handleError() - CORE/src/Error/BaseErrorHandler.php, line 146
App\Controller\Components\Usuarios\usuariosRenderClass::renderFuncoes() - APP/Controller/Components/Usuarios/usuariosRenderClass.php, line 21
App\Controller\usuariosController::add() - APP/Controller/UsuariosController.php, line 38
Cake\Controller\Controller::invokeAction() - CORE/src/Controller/Controller.php, line 429
Cake\Routing\Dispatcher::_invoke() - CORE/src/Routing/Dispatcher.php, line 114
Cake\Routing\Dispatcher::dispatch() - CORE/src/Routing/Dispatcher.php, line 87
[main] - ROOT/webroot/index.php, line 37



2016-06-05 02:41:47 Notice: Notice (8): Object of class App\Controller\Components\Usuarios\usuariosRenderClass to string conversion in [/var/www/html/deasoft/src/Controller/Components/Usuarios/usuariosRenderClass.php, line 21]
Request URL: /usuarios/add
Referer URL: http://deasoft.localhost.com/usuarios
Client IP: 127.0.0.1
Trace:
Cake\Error\BaseErrorHandler::handleError() - CORE/src/Error/BaseErrorHandler.php, line 146
App\Controller\Components\Usuarios\usuariosRenderClass::renderFuncoes() - APP/Controller/Components/Usuarios/usuariosRenderClass.php, line 21
App\Controller\usuariosController::add() - APP/Controller/UsuariosController.php, line 38
Cake\Controller\Controller::invokeAction() - CORE/src/Controller/Controller.php, line 429
Cake\Routing\Dispatcher::_invoke() - CORE/src/Routing/Dispatcher.php, line 114
Cake\Routing\Dispatcher::dispatch() - CORE/src/Routing/Dispatcher.php, line 87
[main] - ROOT/webroot/index.php, line 37



2016-06-05 02:41:47 Notice: Notice (8): Undefined variable: Object in [/var/www/html/deasoft/src/Controller/Components/Usuarios/usuariosRenderClass.php, line 21]
Request URL: /usuarios/add
Referer URL: http://deasoft.localhost.com/usuarios
Client IP: 127.0.0.1
Trace:
Cake\Error\BaseErrorHandler::handleError() - CORE/src/Error/BaseErrorHandler.php, line 146
App\Controller\Components\Usuarios\usuariosRenderClass::renderFuncoes() - APP/Controller/Components/Usuarios/usuariosRenderClass.php, line 21
App\Controller\usuariosController::add() - APP/Controller/UsuariosController.php, line 38
Cake\Controller\Controller::invokeAction() - CORE/src/Controller/Controller.php, line 429
Cake\Routing\Dispatcher::_invoke() - CORE/src/Routing/Dispatcher.php, line 114
Cake\Routing\Dispatcher::dispatch() - CORE/src/Routing/Dispatcher.php, line 87
[main] - ROOT/webroot/index.php, line 37



2016-06-05 02:41:47 Notice: Notice (8): Trying to get property of non-object in [/var/www/html/deasoft/src/Controller/Components/Usuarios/usuariosRenderClass.php, line 21]
Request URL: /usuarios/add
Referer URL: http://deasoft.localhost.com/usuarios
Client IP: 127.0.0.1
Trace:
Cake\Error\BaseErrorHandler::handleError() - CORE/src/Error/BaseErrorHandler.php, line 146
App\Controller\Components\Usuarios\usuariosRenderClass::renderFuncoes() - APP/Controller/Components/Usuarios/usuariosRenderClass.php, line 21
App\Controller\usuariosController::add() - APP/Controller/UsuariosController.php, line 38
Cake\Controller\Controller::invokeAction() - CORE/src/Controller/Controller.php, line 429
Cake\Routing\Dispatcher::_invoke() - CORE/src/Routing/Dispatcher.php, line 114
Cake\Routing\Dispatcher::dispatch() - CORE/src/Routing/Dispatcher.php, line 87
[main] - ROOT/webroot/index.php, line 37



2016-06-05 02:41:47 Notice: Notice (8): Trying to get property of non-object in [/var/www/html/deasoft/src/Controller/Components/Usuarios/usuariosRenderClass.php, line 21]
Request URL: /usuarios/add
Referer URL: http://deasoft.localhost.com/usuarios
Client IP: 127.0.0.1
Trace:
Cake\Error\BaseErrorHandler::handleError() - CORE/src/Error/BaseErrorHandler.php, line 146
App\Controller\Components\Usuarios\usuariosRenderClass::renderFuncoes() - APP/Controller/Components/Usuarios/usuariosRenderClass.php, line 21
App\Controller\usuariosController::add() - APP/Controller/UsuariosController.php, line 38
Cake\Controller\Controller::invokeAction() - CORE/src/Controller/Controller.php, line 429
Cake\Routing\Dispatcher::_invoke() - CORE/src/Routing/Dispatcher.php, line 114
Cake\Routing\Dispatcher::dispatch() - CORE/src/Routing/Dispatcher.php, line 87
[main] - ROOT/webroot/index.php, line 37



2016-06-05 03:03:08 Notice: Notice (8): Undefined property: App\Controller\Components\Usuarios\usuariosSaveClass::$Users in [/var/www/html/deasoft/src/Controller/Components/Usuarios/usuariosSaveClass.php, line 25]
Request URL: /usuarios/add
Referer URL: http://deasoft.localhost.com/usuarios/add
Client IP: 127.0.0.1
Trace:
Cake\Error\BaseErrorHandler::handleError() - CORE/src/Error/BaseErrorHandler.php, line 146
App\Controller\Components\Usuarios\usuariosSaveClass::addNew() - APP/Controller/Components/Usuarios/usuariosSaveClass.php, line 25
App\Controller\usuariosController::add() - APP/Controller/UsuariosController.php, line 38
Cake\Controller\Controller::invokeAction() - CORE/src/Controller/Controller.php, line 429
Cake\Routing\Dispatcher::_invoke() - CORE/src/Routing/Dispatcher.php, line 114
Cake\Routing\Dispatcher::dispatch() - CORE/src/Routing/Dispatcher.php, line 87
[main] - ROOT/webroot/index.php, line 37



2016-06-05 03:13:37 Notice: Notice (8): Undefined index: id_funcao in [/var/www/html/deasoft/src/Controller/Components/Usuarios/usuariosSaveClass.php, line 43]
Request URL: /usuarios/add
Referer URL: http://deasoft.localhost.com/usuarios/add
Client IP: 127.0.0.1
Trace:
Cake\Error\BaseErrorHandler::handleError() - CORE/src/Error/BaseErrorHandler.php, line 146
App\Controller\Components\Usuarios\usuariosSaveClass::trataDados() - APP/Controller/Components/Usuarios/usuariosSaveClass.php, line 43
App\Controller\Components\Usuarios\usuariosSaveClass::addNew() - APP/Controller/Components/Usuarios/usuariosSaveClass.php, line 24
App\Controller\usuariosController::add() - APP/Controller/UsuariosController.php, line 38
Cake\Controller\Controller::invokeAction() - CORE/src/Controller/Controller.php, line 429
Cake\Routing\Dispatcher::_invoke() - CORE/src/Routing/Dispatcher.php, line 114
Cake\Routing\Dispatcher::dispatch() - CORE/src/Routing/Dispatcher.php, line 87
[main] - ROOT/webroot/index.php, line 37



2016-06-05 03:14:30 Notice: Notice (8): Undefined property: App\Controller\Components\Usuarios\usuariosSaveClass::$Users in [/var/www/html/deasoft/src/Controller/Components/Usuarios/usuariosSaveClass.php, line 26]
Request URL: /usuarios/add
Referer URL: http://deasoft.localhost.com/usuarios/add
Client IP: 127.0.0.1
Trace:
Cake\Error\BaseErrorHandler::handleError() - CORE/src/Error/BaseErrorHandler.php, line 146
App\Controller\Components\Usuarios\usuariosSaveClass::addNew() - APP/Controller/Components/Usuarios/usuariosSaveClass.php, line 26
App\Controller\usuariosController::add() - APP/Controller/UsuariosController.php, line 38
Cake\Controller\Controller::invokeAction() - CORE/src/Controller/Controller.php, line 429
Cake\Routing\Dispatcher::_invoke() - CORE/src/Routing/Dispatcher.php, line 114
Cake\Routing\Dispatcher::dispatch() - CORE/src/Routing/Dispatcher.php, line 87
[main] - ROOT/webroot/index.php, line 37



2016-06-05 03:17:07 Notice: Notice (8): Undefined property: App\Controller\Components\Usuarios\usuariosSaveClass::$Users in [/var/www/html/deasoft/src/Controller/Components/Usuarios/usuariosSaveClass.php, line 26]
Request URL: /usuarios/add
Referer URL: http://deasoft.localhost.com/usuarios/add
Client IP: 127.0.0.1
Trace:
Cake\Error\BaseErrorHandler::handleError() - CORE/src/Error/BaseErrorHandler.php, line 146
App\Controller\Components\Usuarios\usuariosSaveClass::addNew() - APP/Controller/Components/Usuarios/usuariosSaveClass.php, line 26
App\Controller\usuariosController::add() - APP/Controller/UsuariosController.php, line 38
Cake\Controller\Controller::invokeAction() - CORE/src/Controller/Controller.php, line 429
Cake\Routing\Dispatcher::_invoke() - CORE/src/Routing/Dispatcher.php, line 114
Cake\Routing\Dispatcher::dispatch() - CORE/src/Routing/Dispatcher.php, line 87
[main] - ROOT/webroot/index.php, line 37



2016-06-05 03:17:56 Notice: Notice (8): Undefined property: App\Controller\Components\Usuarios\usuariosSaveClass::$Users in [/var/www/html/deasoft/src/Controller/Components/Usuarios/usuariosSaveClass.php, line 27]
Request URL: /usuarios/add
Referer URL: http://deasoft.localhost.com/usuarios/add
Client IP: 127.0.0.1
Trace:
Cake\Error\BaseErrorHandler::handleError() - CORE/src/Error/BaseErrorHandler.php, line 146
App\Controller\Components\Usuarios\usuariosSaveClass::addNew() - APP/Controller/Components/Usuarios/usuariosSaveClass.php, line 27
App\Controller\usuariosController::add() - APP/Controller/UsuariosController.php, line 38
Cake\Controller\Controller::invokeAction() - CORE/src/Controller/Controller.php, line 429
Cake\Routing\Dispatcher::_invoke() - CORE/src/Routing/Dispatcher.php, line 114
Cake\Routing\Dispatcher::dispatch() - CORE/src/Routing/Dispatcher.php, line 87
[main] - ROOT/webroot/index.php, line 37



2016-06-05 03:18:10 Notice: Notice (8): Undefined property: App\Controller\Components\Usuarios\usuariosSaveClass::$Users in [/var/www/html/deasoft/src/Controller/Components/Usuarios/usuariosSaveClass.php, line 28]
Request URL: /usuarios/add
Referer URL: http://deasoft.localhost.com/usuarios/add
Client IP: 127.0.0.1
Trace:
Cake\Error\BaseErrorHandler::handleError() - CORE/src/Error/BaseErrorHandler.php, line 146
App\Controller\Components\Usuarios\usuariosSaveClass::addNew() - APP/Controller/Components/Usuarios/usuariosSaveClass.php, line 28
App\Controller\usuariosController::add() - APP/Controller/UsuariosController.php, line 38
Cake\Controller\Controller::invokeAction() - CORE/src/Controller/Controller.php, line 429
Cake\Routing\Dispatcher::_invoke() - CORE/src/Routing/Dispatcher.php, line 114
Cake\Routing\Dispatcher::dispatch() - CORE/src/Routing/Dispatcher.php, line 87
[main] - ROOT/webroot/index.php, line 37



2016-06-05 03:18:25 Notice: Notice (8): Undefined property: App\Controller\Components\Usuarios\usuariosSaveClass::$msgSucess in [/var/www/html/deasoft/src/Controller/Components/Usuarios/usuariosSaveClass.php, line 29]
Request URL: /usuarios/add
Referer URL: http://deasoft.localhost.com/usuarios/add
Client IP: 127.0.0.1
Trace:
Cake\Error\BaseErrorHandler::handleError() - CORE/src/Error/BaseErrorHandler.php, line 146
App\Controller\Components\Usuarios\usuariosSaveClass::addNew() - APP/Controller/Components/Usuarios/usuariosSaveClass.php, line 29
App\Controller\usuariosController::add() - APP/Controller/UsuariosController.php, line 38
Cake\Controller\Controller::invokeAction() - CORE/src/Controller/Controller.php, line 429
Cake\Routing\Dispatcher::_invoke() - CORE/src/Routing/Dispatcher.php, line 114
Cake\Routing\Dispatcher::dispatch() - CORE/src/Routing/Dispatcher.php, line 87
[main] - ROOT/webroot/index.php, line 37



2016-06-05 22:04:23 Notice: Notice (8): Undefined property: App\Controller\Components\Usuarios\usuariosSaveClass::$Clientes in [/var/www/html/deasoft/src/Controller/Components/Usuarios/usuariosSaveClass.php, line 43]
Request URL: /usuarios/edit/2
Referer URL: http://deasoft.localhost.com/usuarios/edit/2
Client IP: 127.0.0.1
Trace:
Cake\Error\BaseErrorHandler::handleError() - CORE/src/Error/BaseErrorHandler.php, line 146
App\Controller\Components\Usuarios\usuariosSaveClass::updUser() - APP/Controller/Components/Usuarios/usuariosSaveClass.php, line 43
App\Controller\usuariosController::edit() - APP/Controller/UsuariosController.php, line 56
Cake\Controller\Controller::invokeAction() - CORE/src/Controller/Controller.php, line 429
Cake\Routing\Dispatcher::_invoke() - CORE/src/Routing/Dispatcher.php, line 114
Cake\Routing\Dispatcher::dispatch() - CORE/src/Routing/Dispatcher.php, line 87
[main] - ROOT/webroot/index.php, line 37



2016-06-05 22:07:22 Notice: Notice (8): Undefined variable: user in [/var/www/html/deasoft/src/Controller/Components/Usuarios/usuariosSaveClass.php, line 43]
Request URL: /usuarios/edit/2
Referer URL: http://deasoft.localhost.com/usuarios/edit/2
Client IP: 127.0.0.1
Trace:
Cake\Error\BaseErrorHandler::handleError() - CORE/src/Error/BaseErrorHandler.php, line 146
App\Controller\Components\Usuarios\usuariosSaveClass::updUser() - APP/Controller/Components/Usuarios/usuariosSaveClass.php, line 43
App\Controller\usuariosController::edit() - APP/Controller/UsuariosController.php, line 55
Cake\Controller\Controller::invokeAction() - CORE/src/Controller/Controller.php, line 429
Cake\Routing\Dispatcher::_invoke() - CORE/src/Routing/Dispatcher.php, line 114
Cake\Routing\Dispatcher::dispatch() - CORE/src/Routing/Dispatcher.php, line 87
[main] - ROOT/webroot/index.php, line 37



2016-06-22 02:42:18 Notice: Notice (8): Undefined property: App\Controller\Components\Agenda\renderAgendaClass::$Agendas in [/var/www/html/deasoft/src/Controller/Components/Agenda/renderAgendaClass.php, line 88]
Request URL: /agendas
Referer URL: http://deasoft.localhost.com/agendas/add
Client IP: 127.0.0.1
Trace:
Cake\Error\BaseErrorHandler::handleError() - CORE/src/Error/BaseErrorHandler.php, line 146
App\Controller\Components\Agenda\renderAgendaClass::renderAll() - APP/Controller/Components/Agenda/renderAgendaClass.php, line 88
App\Controller\AgendasController::index() - APP/Controller/AgendasController.php, line 19
Cake\Controller\Controller::invokeAction() - CORE/src/Controller/Controller.php, line 429
Cake\Routing\Dispatcher::_invoke() - CORE/src/Routing/Dispatcher.php, line 114
Cake\Routing\Dispatcher::dispatch() - CORE/src/Routing/Dispatcher.php, line 87
[main] - ROOT/webroot/index.php, line 37



2016-07-28 03:12:25 Notice: Strict (2048): Declaration of App\Controller\HomepageController::beforeFilter() should be compatible with Cake\Controller\Controller::beforeFilter(Cake\Event\Event $event) in [/var/www/html/MeuFramework/src/Controller/HomepageController.php, line 21]
Request URL: /
Client IP: 127.0.0.1
Trace:
Cake\Error\BaseErrorHandler::handleError() - CORE/src/Error/BaseErrorHandler.php, line 146
include - APP/Controller/HomepageController.php, line 21
Composer\Autoload\includeFile - ROOT/vendor/composer/ClassLoader.php, line 412
Composer\Autoload\ClassLoader::loadClass() - ROOT/vendor/composer/ClassLoader.php, line 301
spl_autoload_call - [internal], line ??
class_exists - [internal], line ??
Cake\Core\App::_classExistsInBase() - CORE/src/Core/App.php, line 151
Cake\Core\App::className() - CORE/src/Core/App.php, line 64
Cake\Routing\Filter\ControllerFactoryFilter::_getController() - CORE/src/Routing/Filter/ControllerFactoryFilter.php, line 91
Cake\Routing\Filter\ControllerFactoryFilter::beforeDispatch() - CORE/src/Routing/Filter/ControllerFactoryFilter.php, line 51
Cake\Routing\DispatcherFilter::handle() - CORE/src/Routing/DispatcherFilter.php, line 145
Cake\Event\EventManager::_callListener() - CORE/src/Event/EventManager.php, line 390
Cake\Event\EventManager::dispatch() - CORE/src/Event/EventManager.php, line 356
Cake\Routing\Dispatcher::dispatchEvent() - CORE/src/Event/EventDispatcherTrait.php, line 78
Cake\Routing\Dispatcher::dispatch() - CORE/src/Routing/Dispatcher.php, line 62
[main] - ROOT/webroot/index.php, line 37



